PLINK v1.90b6.10 64-bit (17 Jun 2019)
Options in effect:
  --allow-no-sex
  --bfile /Users/alexey/Documents/wecare/ampliseq/v05_ampliseq_only/s12_joined_ampliseq_1kgp_PCA/s05_calculate_joined_1kgp_ampliseq_PCs/data/s01_vcf_to_plink/ampliseq_1kg_2009_3019
  --maf 0.01
  --make-bed
  --out /Users/alexey/Documents/wecare/ampliseq/v05_ampliseq_only/s12_joined_ampliseq_1kgp_PCA/s05_calculate_joined_1kgp_ampliseq_PCs/data/s02_exclude_rare_variants/ampliseq_1kgp_non_rare_902_3019
  --silent

Hostname: mgpc101.medschl.private.cam.ac.uk
Working directory: /Users/alexey/Documents/wecare/ampliseq/v05_ampliseq_only/s12_joined_ampliseq_1kgp_PCA/s05_calculate_joined_1kgp_ampliseq_PCs
Start time: Tue Oct  1 15:10:59 2019

Random number seed: 1569939059
8192 MB RAM detected; reserving 4096 MB for main workspace.
2009 variants loaded from .bim file.
3019 people (0 males, 0 females, 3019 ambiguous) loaded from .fam.
Ambiguous sex IDs written to
/Users/alexey/Documents/wecare/ampliseq/v05_ampliseq_only/s12_joined_ampliseq_1kgp_PCA/s05_calculate_joined_1kgp_ampliseq_PCs/data/s02_exclude_rare_variants/ampliseq_1kgp_non_rare_902_3019.nosex
.
Using 1 thread (no multithreaded calculations invoked).
Before main variant filters, 3019 founders and 0 nonfounders present.
Calculating allele frequencies... done.
Total genotyping rate is 0.999939.
1107 variants removed due to minor allele threshold(s)
(--maf/--max-maf/--mac/--max-mac).
902 variants and 3019 people pass filters and QC.
Note: No phenotypes present.
--make-bed to
/Users/alexey/Documents/wecare/ampliseq/v05_ampliseq_only/s12_joined_ampliseq_1kgp_PCA/s05_calculate_joined_1kgp_ampliseq_PCs/data/s02_exclude_rare_variants/ampliseq_1kgp_non_rare_902_3019.bed
+
/Users/alexey/Documents/wecare/ampliseq/v05_ampliseq_only/s12_joined_ampliseq_1kgp_PCA/s05_calculate_joined_1kgp_ampliseq_PCs/data/s02_exclude_rare_variants/ampliseq_1kgp_non_rare_902_3019.bim
+
/Users/alexey/Documents/wecare/ampliseq/v05_ampliseq_only/s12_joined_ampliseq_1kgp_PCA/s05_calculate_joined_1kgp_ampliseq_PCs/data/s02_exclude_rare_variants/ampliseq_1kgp_non_rare_902_3019.fam
... done.

End time: Tue Oct  1 15:10:59 2019
