Merge genotypes for 2,086 variants from 1kg for joined PCA
Tue  1 Oct 2019 14:12:30 BST

--- Files and folders ---

start_folder: /Users/alexey/Documents/wecare/ampliseq/v05_ampliseq_only/s12_joined_ampliseq_1kgp_PCA/s02_prepare_1kgp_genotypes
source_data_folder: /Users/alexey/Documents/wecare/ampliseq/v05_ampliseq_only/s12_joined_ampliseq_1kgp_PCA/s02_prepare_1kgp_genotypes/data/s02_by_chromosome
output_vcf: /Users/alexey/Documents/wecare/ampliseq/v05_ampliseq_only/s12_joined_ampliseq_1kgp_PCA/s02_prepare_1kgp_genotypes/data/s03_1kgp_2086_2504.vcf.gz

--- Tools ---

bcftools 1.9
Using htslib 1.9
Copyright (C) 2018 Genome Research Ltd.
License GPLv3+: GNU GPL version 3 or later <http://gnu.org/licenses/gpl.html>
This is free software: you are free to change and redistribute it.
There is NO WARRANTY, to the extent permitted by law.

--- Progress ---

Detected       22 files to concatenate

Concatenating ...


Number of variants in the output:
2,086

Number of samples in the output:
2,504

Done
Tue  1 Oct 2019 14:12:33 BST

