Select 2,086 variants from ampliseq VCF for PCA plots
Tue  1 Oct 2019 14:30:44 BST

--- Files and folders ---

source_ampliseq_nfe_13046_739_vcf: /Users/alexey/Documents/wecare/ampliseq/v05_ampliseq_only/s04_annotated_vcf/ampliseq_nfe.vcf.gz
selected_1kgp_2086_2504_vcf: /Users/alexey/Documents/wecare/ampliseq/v05_ampliseq_only/s12_joined_ampliseq_1kgp_PCA/s02_prepare_1kgp_genotypes/data/s03_1kgp_2086_2504.vcf.gz
selected_ampliseq_nfe_2086_739_vcf: /Users/alexey/Documents/wecare/ampliseq/v05_ampliseq_only/s12_joined_ampliseq_1kgp_PCA/s03_prepare_wecare_genotypes/data//s01_ampliseq_nfe_2086_739.vcf.gz

--- Tools ---

bcftools 1.9
Using htslib 1.9
Copyright (C) 2018 Genome Research Ltd.
License GPLv3+: GNU GPL version 3 or later <http://gnu.org/licenses/gpl.html>
This is free software: you are free to change and redistribute it.
There is NO WARRANTY, to the extent permitted by law.

--- Progress ---

Number of variants in the input ampliseq-nfe vcf:
13,046

Number of samples in the input ampliseq-nfe vcf:
739

Selecting variants ...

Number of variants in the output:
2,086

Number of samples in the output:
739

Done
Tue  1 Oct 2019 14:30:56 BST

