Select 515 ampliseq samples for joined PCA
Tue  1 Oct 2019 14:41:20 BST

--- Files and folders ---

source_samples_file: /Users/alexey/Documents/wecare/ampliseq/v05_ampliseq_only/s12_joined_ampliseq_1kgp_PCA/s01_prepare_data_for_joined_PCA/data/s01_ampliseq_515_samples.txt
source_ampliseq_nfe_2086_739_vcf: /Users/alexey/Documents/wecare/ampliseq/v05_ampliseq_only/s12_joined_ampliseq_1kgp_PCA/s03_prepare_wecare_genotypes/data/s01_ampliseq_nfe_2086_739.vcf.gz
target_ampliseq_2086_515_vcf: /Users/alexey/Documents/wecare/ampliseq/v05_ampliseq_only/s12_joined_ampliseq_1kgp_PCA/s03_prepare_wecare_genotypes/data/s02_ampliseq_2086_515.vcf.gz

--- Tools ---

bcftools 1.9
Using htslib 1.9
Copyright (C) 2018 Genome Research Ltd.
License GPLv3+: GNU GPL version 3 or later <http://gnu.org/licenses/gpl.html>
This is free software: you are free to change and redistribute it.
There is NO WARRANTY, to the extent permitted by law.

--- Progress ---

Number of samples in the source samples file:
     515

Selecting samples ...

Number of variants in the output:
2,086

Number of samples in the output:
515

Done
Tue  1 Oct 2019 14:41:23 BST

