PLINK v1.90b6.10 64-bit (17 Jun 2019)
Options in effect:
  --allow-no-sex
  --bfile /Users/alexey/Documents/wecare/ampliseq/v05_ampliseq_only/s13_ampliseq_only_PCA/s02_calculate_ampliseq_only_PCs/data/s02_exclude_rare_variants/ampliseq_only_non_rare_735_515
  --exclude /Users/alexey/Documents/wecare/ampliseq/v05_ampliseq_only/s13_ampliseq_only_PCA/s02_calculate_ampliseq_only_PCs/data/s03_exclude_variants_in_LD/pairphase_LD.prune.out
  --make-bed
  --out /Users/alexey/Documents/wecare/ampliseq/v05_ampliseq_only/s13_ampliseq_only_PCA/s02_calculate_ampliseq_only_PCs/data/s03_exclude_variants_in_LD/ampliseq_only_non_rare_not_in_LD_468_515
  --silent

Hostname: mgpc101.medschl.private.cam.ac.uk
Working directory: /Users/alexey/Documents/wecare/ampliseq/v05_ampliseq_only/s13_ampliseq_only_PCA/s02_calculate_ampliseq_only_PCs
Start time: Tue Oct  1 18:26:42 2019

Random number seed: 1569950802
8192 MB RAM detected; reserving 4096 MB for main workspace.
735 variants loaded from .bim file.
515 people (0 males, 0 females, 515 ambiguous) loaded from .fam.
Ambiguous sex IDs written to
/Users/alexey/Documents/wecare/ampliseq/v05_ampliseq_only/s13_ampliseq_only_PCA/s02_calculate_ampliseq_only_PCs/data/s03_exclude_variants_in_LD/ampliseq_only_non_rare_not_in_LD_468_515.nosex
.
--exclude: 468 variants remaining.
Using 1 thread (no multithreaded calculations invoked).
Before main variant filters, 515 founders and 0 nonfounders present.
Calculating allele frequencies... done.
Total genotyping rate is 0.999506.
468 variants and 515 people pass filters and QC.
Note: No phenotypes present.
--make-bed to
/Users/alexey/Documents/wecare/ampliseq/v05_ampliseq_only/s13_ampliseq_only_PCA/s02_calculate_ampliseq_only_PCs/data/s03_exclude_variants_in_LD/ampliseq_only_non_rare_not_in_LD_468_515.bed
+
/Users/alexey/Documents/wecare/ampliseq/v05_ampliseq_only/s13_ampliseq_only_PCA/s02_calculate_ampliseq_only_PCs/data/s03_exclude_variants_in_LD/ampliseq_only_non_rare_not_in_LD_468_515.bim
+
/Users/alexey/Documents/wecare/ampliseq/v05_ampliseq_only/s13_ampliseq_only_PCA/s02_calculate_ampliseq_only_PCs/data/s03_exclude_variants_in_LD/ampliseq_only_non_rare_not_in_LD_468_515.fam
... done.

End time: Tue Oct  1 18:26:42 2019
