PLINK v1.90b6.10 64-bit (17 Jun 2019)
Options in effect:
  --allow-no-sex
  --double-id
  --make-bed
  --out /Users/alexey/Documents/wecare/ampliseq/v05_ampliseq_only/s13_ampliseq_only_PCA/s02_calculate_ampliseq_only_PCs/data/s01_vcf_to_plink/ampliseq_only_3675_515
  --silent
  --vcf /Users/alexey/Documents/wecare/ampliseq/v05_ampliseq_only/s13_ampliseq_only_PCA/s01_prepare_wecare_genotypes/data/s02_ampliseq_3675_515.vcf.gz
  --vcf-half-call missing

Hostname: mgpc101.medschl.private.cam.ac.uk
Working directory: /Users/alexey/Documents/wecare/ampliseq/v05_ampliseq_only/s13_ampliseq_only_PCA/s02_calculate_ampliseq_only_PCs
Start time: Tue Oct  1 18:26:42 2019

Random number seed: 1569950802
8192 MB RAM detected; reserving 4096 MB for main workspace.
--vcf:
/Users/alexey/Documents/wecare/ampliseq/v05_ampliseq_only/s13_ampliseq_only_PCA/s02_calculate_ampliseq_only_PCs/data/s01_vcf_to_plink/ampliseq_only_3675_515-temporary.bed
+
/Users/alexey/Documents/wecare/ampliseq/v05_ampliseq_only/s13_ampliseq_only_PCA/s02_calculate_ampliseq_only_PCs/data/s01_vcf_to_plink/ampliseq_only_3675_515-temporary.bim
+
/Users/alexey/Documents/wecare/ampliseq/v05_ampliseq_only/s13_ampliseq_only_PCA/s02_calculate_ampliseq_only_PCs/data/s01_vcf_to_plink/ampliseq_only_3675_515-temporary.fam
written.
3675 variants loaded from .bim file.
515 people (0 males, 0 females, 515 ambiguous) loaded from .fam.
Ambiguous sex IDs written to
/Users/alexey/Documents/wecare/ampliseq/v05_ampliseq_only/s13_ampliseq_only_PCA/s02_calculate_ampliseq_only_PCs/data/s01_vcf_to_plink/ampliseq_only_3675_515.nosex
.
Using 1 thread (no multithreaded calculations invoked).
Before main variant filters, 515 founders and 0 nonfounders present.
Calculating allele frequencies... done.
Total genotyping rate is 0.999315.
3675 variants and 515 people pass filters and QC.
Note: No phenotypes present.
--make-bed to
/Users/alexey/Documents/wecare/ampliseq/v05_ampliseq_only/s13_ampliseq_only_PCA/s02_calculate_ampliseq_only_PCs/data/s01_vcf_to_plink/ampliseq_only_3675_515.bed
+
/Users/alexey/Documents/wecare/ampliseq/v05_ampliseq_only/s13_ampliseq_only_PCA/s02_calculate_ampliseq_only_PCs/data/s01_vcf_to_plink/ampliseq_only_3675_515.bim
+
/Users/alexey/Documents/wecare/ampliseq/v05_ampliseq_only/s13_ampliseq_only_PCA/s02_calculate_ampliseq_only_PCs/data/s01_vcf_to_plink/ampliseq_only_3675_515.fam
... done.

End time: Tue Oct  1 18:26:42 2019
